[2021-12-09T05:37:01+0000] ("location":"p0"}
[2021-12-09T05:37:01+0000] {
	"from" : 
	{
		"avatar_name" : "Blade",
		"vsID" : "96444397214902755198641416321735112306"
	},
	"id" : "96444397214902755198641416321735112306_262650593813279",
	"is_published" : false,
	"keys" : 
	{
		"count" : 8,
		"data" : 
		[
			"amg",
			"gtr",
			"kira",
			"l",
			"amg",
			"gtr",
			"kira",
			"l"
		]
	},
	"message" : "lesgetit",
	"to" : 
	{
		"count" : 1,
		"data" : 
		[
			{
				"avatar_name" : "Blade",
				"vsID" : "96444397214902755198641416321735112306"
			}
		]
	}
}

